<?xml version="1.0" encoding="UTF-8"?>
<!-- Generated by org.testng.reporters.JUnitReportReporter -->
<testsuite hostname="DEV66" failures="0" tests="2" name="playwright.CometElite.CometTests" time="10.380" errors="1" timestamp="2024-11-12T08:33:44 IST" skipped="1">
  <testcase classname="playwright.CometElite.CometTests" name="testLogin" time="10.380">
    <error message="Error {
  message=&#039;Error: strict mode violation: locator(&quot;[placeholder=&#039;-&#039;]&quot;) resolved to 4 elements:
    1) &lt;input name=&quot;&quot; value=&quot;&quot; required=&quot;&quot; tabindex=&quot;1&quot; maxlength=&quot;1&quot; type=&quot;password&quot; placeholder=&quot;-&quot; formcontrolname=&quot;otp1&quot; _ngcontent-ng-c196195530=&quot;&quot; class=&quot;text_form ng-untouched ng-pristine ng-invalid&quot;/&gt; aka getByPlaceholder(&quot;-&quot;).first()
    2) &lt;input name=&quot;&quot; value=&quot;&quot; required=&quot;&quot; tabindex=&quot;2&quot; maxlength=&quot;1&quot; type=&quot;password&quot; placeholder=&quot;-&quot; formcontrolname=&quot;otp2&quot; _ngcontent-ng-c196195530=&quot;&quot; class=&quot;text_form ng-untouched ng-pristine ng-invalid&quot;/&gt; aka getByPlaceholder(&quot;-&quot;).nth(1)
    3) &lt;input name=&quot;&quot; value=&quot;&quot; required=&quot;&quot; tabindex=&quot;3&quot; maxlength=&quot;1&quot; type=&quot;password&quot; placeholder=&quot;-&quot; formcontrolname=&quot;otp3&quot; _ngcontent-ng-c196195530=&quot;&quot; class=&quot;text_form ng-untouched ng-pristine ng-invalid&quot;/&gt; aka getByPlaceholder(&quot;-&quot;).nth(2)
    4) &lt;input name=&quot;&quot; value=&quot;&quot; required=&quot;&quot; tabindex=&quot;4&quot; maxlength=&quot;1&quot; type=&quot;password&quot; placeholder=&quot;-&quot; formcontrolname=&quot;otp4&quot; _ngcontent-ng-c196195530=&quot;&quot; class=&quot;text_form ng-untouched ng-pristine ng-invalid&quot;/&gt; aka getByPlaceholder(&quot;-&quot;).nth(3)

  name=&#039;Error
  stack=&#039;Error: Error: strict mode violation: locator(&quot;[placeholder=&#039;-&#039;]&quot;) resolved to 4 elements:
    1) &lt;input name=&quot;&quot; value=&quot;&quot; required=&quot;&quot; tabindex=&quot;1&quot; maxlength=&quot;1&quot; type=&quot;password&quot; placeholder=&quot;-&quot; formcontrolname=&quot;otp1&quot; _ngcontent-ng-c196195530=&quot;&quot; class=&quot;text_form ng-untouched ng-pristine ng-invalid&quot;/&gt; aka getByPlaceholder(&quot;-&quot;).first()
    2) &lt;input name=&quot;&quot; value=&quot;&quot; required=&quot;&quot; tabindex=&quot;2&quot; maxlength=&quot;1&quot; type=&quot;password&quot; placeholder=&quot;-&quot; formcontrolname=&quot;otp2&quot; _ngcontent-ng-c196195530=&quot;&quot; class=&quot;text_form ng-untouched ng-pristine ng-invalid&quot;/&gt; aka getByPlaceholder(&quot;-&quot;).nth(1)
    3) &lt;input name=&quot;&quot; value=&quot;&quot; required=&quot;&quot; tabindex=&quot;3&quot; maxlength=&quot;1&quot; type=&quot;password&quot; placeholder=&quot;-&quot; formcontrolname=&quot;otp3&quot; _ngcontent-ng-c196195530=&quot;&quot; class=&quot;text_form ng-untouched ng-pristine ng-invalid&quot;/&gt; aka getByPlaceholder(&quot;-&quot;).nth(2)
    4) &lt;input name=&quot;&quot; value=&quot;&quot; required=&quot;&quot; tabindex=&quot;4&quot; maxlength=&quot;1&quot; type=&quot;password&quot; placeholder=&quot;-&quot; formcontrolname=&quot;otp4&quot; _ngcontent-ng-c196195530=&quot;&quot; class=&quot;text_form ng-untouched ng-pristine ng-invalid&quot;/&gt; aka getByPlaceholder(&quot;-&quot;).nth(3)

    at CRExecutionContext.evaluateWithArguments (C:\Users\Elite66\AppData\Local\Temp\playwright-java-16079241539918313405\package\lib\server\chromium\crExecutionContext.js:92:33)
    at async LongStandingScope._race (C:\Users\Elite66\AppData\Local\Temp\playwright-java-16079241539918313405\package\lib\utils\manualPromise.js:96:14)
    at async evaluateExpression (C:\Users\Elite66\AppData\Local\Temp\playwright-java-16079241539918313405\package\lib\server\javascript.js:235:12)
    at async C:\Users\Elite66\AppData\Local\Temp\playwright-java-16079241539918313405\package\lib\server\frames.js:641:22
    at async Frame.retryWithProgressAndTimeouts (C:\Users\Elite66\AppData\Local\Temp\playwright-java-16079241539918313405\package\lib\server\frames.js:929:24)
    at async C:\Users\Elite66\AppData\Local\Temp\playwright-java-16079241539918313405\package\lib\server\frames.js:626:14
    at async ProgressController.run (C:\Users\Elite66\AppData\Local\Temp\playwright-java-16079241539918313405\package\lib\server\progress.js:82:22)
    at async FrameDispatcher.waitForSelector (C:\Users\Elite66\AppData\Local\Temp\playwright-java-16079241539918313405\package\lib\server\dispatchers\frameDispatcher.js:105:85)
    at async LongStandingScope._race (C:\Users\Elite66\AppData\Local\Temp\playwright-java-16079241539918313405\package\lib\utils\manualPromise.js:96:14)
    at async FrameDispatcher._handleCommand (C:\Users\Elite66\AppData\Local\Temp\playwright-java-16079241539918313405\package\lib\server\dispatchers\dispatcher.js:96:14)
}
Call log:
- waiting for locator(&quot;[placeholder=&#039;-&#039;]&quot;) to be visible
" type="com.microsoft.playwright.PlaywrightException">
      <![CDATA[com.microsoft.playwright.PlaywrightException: Error {
  message='Error: strict mode violation: locator("[placeholder='-']") resolved to 4 elements:
    1) <input name="" value="" required="" tabindex="1" maxlength="1" type="password" placeholder="-" formcontrolname="otp1" _ngcontent-ng-c196195530="" class="text_form ng-untouched ng-pristine ng-invalid"/> aka getByPlaceholder("-").first()
    2) <input name="" value="" required="" tabindex="2" maxlength="1" type="password" placeholder="-" formcontrolname="otp2" _ngcontent-ng-c196195530="" class="text_form ng-untouched ng-pristine ng-invalid"/> aka getByPlaceholder("-").nth(1)
    3) <input name="" value="" required="" tabindex="3" maxlength="1" type="password" placeholder="-" formcontrolname="otp3" _ngcontent-ng-c196195530="" class="text_form ng-untouched ng-pristine ng-invalid"/> aka getByPlaceholder("-").nth(2)
    4) <input name="" value="" required="" tabindex="4" maxlength="1" type="password" placeholder="-" formcontrolname="otp4" _ngcontent-ng-c196195530="" class="text_form ng-untouched ng-pristine ng-invalid"/> aka getByPlaceholder("-").nth(3)

  name='Error
  stack='Error: Error: strict mode violation: locator("[placeholder='-']") resolved to 4 elements:
    1) <input name="" value="" required="" tabindex="1" maxlength="1" type="password" placeholder="-" formcontrolname="otp1" _ngcontent-ng-c196195530="" class="text_form ng-untouched ng-pristine ng-invalid"/> aka getByPlaceholder("-").first()
    2) <input name="" value="" required="" tabindex="2" maxlength="1" type="password" placeholder="-" formcontrolname="otp2" _ngcontent-ng-c196195530="" class="text_form ng-untouched ng-pristine ng-invalid"/> aka getByPlaceholder("-").nth(1)
    3) <input name="" value="" required="" tabindex="3" maxlength="1" type="password" placeholder="-" formcontrolname="otp3" _ngcontent-ng-c196195530="" class="text_form ng-untouched ng-pristine ng-invalid"/> aka getByPlaceholder("-").nth(2)
    4) <input name="" value="" required="" tabindex="4" maxlength="1" type="password" placeholder="-" formcontrolname="otp4" _ngcontent-ng-c196195530="" class="text_form ng-untouched ng-pristine ng-invalid"/> aka getByPlaceholder("-").nth(3)

    at CRExecutionContext.evaluateWithArguments (C:\Users\Elite66\AppData\Local\Temp\playwright-java-16079241539918313405\package\lib\server\chromium\crExecutionContext.js:92:33)
    at async LongStandingScope._race (C:\Users\Elite66\AppData\Local\Temp\playwright-java-16079241539918313405\package\lib\utils\manualPromise.js:96:14)
    at async evaluateExpression (C:\Users\Elite66\AppData\Local\Temp\playwright-java-16079241539918313405\package\lib\server\javascript.js:235:12)
    at async C:\Users\Elite66\AppData\Local\Temp\playwright-java-16079241539918313405\package\lib\server\frames.js:641:22
    at async Frame.retryWithProgressAndTimeouts (C:\Users\Elite66\AppData\Local\Temp\playwright-java-16079241539918313405\package\lib\server\frames.js:929:24)
    at async C:\Users\Elite66\AppData\Local\Temp\playwright-java-16079241539918313405\package\lib\server\frames.js:626:14
    at async ProgressController.run (C:\Users\Elite66\AppData\Local\Temp\playwright-java-16079241539918313405\package\lib\server\progress.js:82:22)
    at async FrameDispatcher.waitForSelector (C:\Users\Elite66\AppData\Local\Temp\playwright-java-16079241539918313405\package\lib\server\dispatchers\frameDispatcher.js:105:85)
    at async LongStandingScope._race (C:\Users\Elite66\AppData\Local\Temp\playwright-java-16079241539918313405\package\lib\utils\manualPromise.js:96:14)
    at async FrameDispatcher._handleCommand (C:\Users\Elite66\AppData\Local\Temp\playwright-java-16079241539918313405\package\lib\server\dispatchers\dispatcher.js:96:14)
}
Call log:
- waiting for locator("[placeholder='-']") to be visible

at com.microsoft.playwright.impl.WaitableResult.get(WaitableResult.java:56)
at com.microsoft.playwright.impl.ChannelOwner.runUntil(ChannelOwner.java:132)
at com.microsoft.playwright.impl.Connection.sendMessage(Connection.java:130)
at com.microsoft.playwright.impl.ChannelOwner.sendMessage(ChannelOwner.java:118)
at com.microsoft.playwright.impl.FrameImpl.waitForSelectorImpl(FrameImpl.java:1060)
at com.microsoft.playwright.impl.LocatorImpl.lambda$waitForImpl$7(LocatorImpl.java:619)
at com.microsoft.playwright.impl.LoggingSupport.withLogging(LoggingSupport.java:47)
at com.microsoft.playwright.impl.ChannelOwner.withLogging(ChannelOwner.java:97)
at com.microsoft.playwright.impl.LocatorImpl.waitForImpl(LocatorImpl.java:619)
at com.microsoft.playwright.impl.LocatorImpl.waitFor(LocatorImpl.java:615)
at com.comet.pages.LoginPage.waitForOtpPage(LoginPage.java:93)
at com.comet.pages.LoginPage.login(LoginPage.java:50)
at playwright.CometElite.CometTests.testLogin(CometTests.java:42)
at java.base/jdk.internal.reflect.DirectMethodHandleAccessor.invoke(DirectMethodHandleAccessor.java:103)
at java.base/java.lang.reflect.Method.invoke(Method.java:580)
at org.testng.internal.invokers.MethodInvocationHelper.invokeMethod(MethodInvocationHelper.java:141)
at org.testng.internal.invokers.TestInvoker.invokeMethod(TestInvoker.java:686)
at org.testng.internal.invokers.TestInvoker.invokeTestMethod(TestInvoker.java:230)
at org.testng.internal.invokers.MethodRunner.runInSequence(MethodRunner.java:63)
at org.testng.internal.invokers.TestInvoker$MethodInvocationAgent.invoke(TestInvoker.java:992)
at org.testng.internal.invokers.TestInvoker.invokeTestMethods(TestInvoker.java:203)
at org.testng.internal.invokers.TestMethodWorker.invokeTestMethods(TestMethodWorker.java:154)
at org.testng.internal.invokers.TestMethodWorker.run(TestMethodWorker.java:134)
at java.base/java.util.ArrayList.forEach(ArrayList.java:1596)
at org.testng.TestRunner.privateRun(TestRunner.java:739)
at org.testng.TestRunner.run(TestRunner.java:614)
at org.testng.SuiteRunner.runTest(SuiteRunner.java:421)
at org.testng.SuiteRunner.runSequentially(SuiteRunner.java:413)
at org.testng.SuiteRunner.privateRun(SuiteRunner.java:373)
at org.testng.SuiteRunner.run(SuiteRunner.java:312)
at org.testng.SuiteRunnerWorker.runSuite(SuiteRunnerWorker.java:52)
at org.testng.SuiteRunnerWorker.run(SuiteRunnerWorker.java:95)
at org.testng.TestNG.runSuitesSequentially(TestNG.java:1274)
at org.testng.TestNG.runSuitesLocally(TestNG.java:1208)
at org.testng.TestNG.runSuites(TestNG.java:1112)
at org.testng.TestNG.run(TestNG.java:1079)
at org.testng.remote.AbstractRemoteTestNG.run(AbstractRemoteTestNG.java:115)
at org.testng.remote.RemoteTestNG.initAndRun(RemoteTestNG.java:293)
at org.testng.remote.RemoteTestNG.main(RemoteTestNG.java:91)
Caused by: com.microsoft.playwright.impl.DriverException: Error {
  message='Error: strict mode violation: locator("[placeholder='-']") resolved to 4 elements:
    1) <input name="" value="" required="" tabindex="1" maxlength="1" type="password" placeholder="-" formcontrolname="otp1" _ngcontent-ng-c196195530="" class="text_form ng-untouched ng-pristine ng-invalid"/> aka getByPlaceholder("-").first()
    2) <input name="" value="" required="" tabindex="2" maxlength="1" type="password" placeholder="-" formcontrolname="otp2" _ngcontent-ng-c196195530="" class="text_form ng-untouched ng-pristine ng-invalid"/> aka getByPlaceholder("-").nth(1)
    3) <input name="" value="" required="" tabindex="3" maxlength="1" type="password" placeholder="-" formcontrolname="otp3" _ngcontent-ng-c196195530="" class="text_form ng-untouched ng-pristine ng-invalid"/> aka getByPlaceholder("-").nth(2)
    4) <input name="" value="" required="" tabindex="4" maxlength="1" type="password" placeholder="-" formcontrolname="otp4" _ngcontent-ng-c196195530="" class="text_form ng-untouched ng-pristine ng-invalid"/> aka getByPlaceholder("-").nth(3)

  name='Error
  stack='Error: Error: strict mode violation: locator("[placeholder='-']") resolved to 4 elements:
    1) <input name="" value="" required="" tabindex="1" maxlength="1" type="password" placeholder="-" formcontrolname="otp1" _ngcontent-ng-c196195530="" class="text_form ng-untouched ng-pristine ng-invalid"/> aka getByPlaceholder("-").first()
    2) <input name="" value="" required="" tabindex="2" maxlength="1" type="password" placeholder="-" formcontrolname="otp2" _ngcontent-ng-c196195530="" class="text_form ng-untouched ng-pristine ng-invalid"/> aka getByPlaceholder("-").nth(1)
    3) <input name="" value="" required="" tabindex="3" maxlength="1" type="password" placeholder="-" formcontrolname="otp3" _ngcontent-ng-c196195530="" class="text_form ng-untouched ng-pristine ng-invalid"/> aka getByPlaceholder("-").nth(2)
    4) <input name="" value="" required="" tabindex="4" maxlength="1" type="password" placeholder="-" formcontrolname="otp4" _ngcontent-ng-c196195530="" class="text_form ng-untouched ng-pristine ng-invalid"/> aka getByPlaceholder("-").nth(3)

    at CRExecutionContext.evaluateWithArguments (C:\Users\Elite66\AppData\Local\Temp\playwright-java-16079241539918313405\package\lib\server\chromium\crExecutionContext.js:92:33)
    at async LongStandingScope._race (C:\Users\Elite66\AppData\Local\Temp\playwright-java-16079241539918313405\package\lib\utils\manualPromise.js:96:14)
    at async evaluateExpression (C:\Users\Elite66\AppData\Local\Temp\playwright-java-16079241539918313405\package\lib\server\javascript.js:235:12)
    at async C:\Users\Elite66\AppData\Local\Temp\playwright-java-16079241539918313405\package\lib\server\frames.js:641:22
    at async Frame.retryWithProgressAndTimeouts (C:\Users\Elite66\AppData\Local\Temp\playwright-java-16079241539918313405\package\lib\server\frames.js:929:24)
    at async C:\Users\Elite66\AppData\Local\Temp\playwright-java-16079241539918313405\package\lib\server\frames.js:626:14
    at async ProgressController.run (C:\Users\Elite66\AppData\Local\Temp\playwright-java-16079241539918313405\package\lib\server\progress.js:82:22)
    at async FrameDispatcher.waitForSelector (C:\Users\Elite66\AppData\Local\Temp\playwright-java-16079241539918313405\package\lib\server\dispatchers\frameDispatcher.js:105:85)
    at async LongStandingScope._race (C:\Users\Elite66\AppData\Local\Temp\playwright-java-16079241539918313405\package\lib\utils\manualPromise.js:96:14)
    at async FrameDispatcher._handleCommand (C:\Users\Elite66\AppData\Local\Temp\playwright-java-16079241539918313405\package\lib\server\dispatchers\dispatcher.js:96:14)
}
Call log:
- waiting for locator("[placeholder='-']") to be visible

at com.microsoft.playwright.impl.Connection.dispatch(Connection.java:259)
at com.microsoft.playwright.impl.Connection.processOneMessage(Connection.java:211)
at com.microsoft.playwright.impl.ChannelOwner.runUntil(ChannelOwner.java:130)
... 37 more
]]>
    </error>
  </testcase> <!-- testLogin -->
  <testcase classname="playwright.CometElite.CometTests" name="testNavigateToLedgerReport" time="0.000">
    <skipped/>
  </testcase> <!-- testNavigateToLedgerReport -->
</testsuite> <!-- playwright.CometElite.CometTests -->
